2015/12/25 15:40:56 INFO  - jmeter.util.JMeterUtils: Setting Locale to en_REM 
2015/12/25 15:40:56 INFO  - jmeter.JMeter: Loading user properties from: /home/rayzhang/apache-jmeter/bin/user.properties 
2015/12/25 15:40:56 INFO  - jmeter.JMeter: Loading system properties from: /home/rayzhang/apache-jmeter/bin/system.properties 
2015/12/25 15:40:56 INFO  - jmeter.JMeter: Copyright (c) 1998-2015 The Apache Software Foundation 
2015/12/25 15:40:56 INFO  - jmeter.JMeter: Version 2.13 r1665067 
2015/12/25 15:40:56 INFO  - jmeter.JMeter: java.version=1.7.0_91 
2015/12/25 15:40:56 INFO  - jmeter.JMeter: java.vm.name=OpenJDK 64-Bit Server VM 
2015/12/25 15:40:56 INFO  - jmeter.JMeter: os.name=Linux 
2015/12/25 15:40:56 INFO  - jmeter.JMeter: os.arch=amd64 
2015/12/25 15:40:56 INFO  - jmeter.JMeter: os.version=3.19.0-41-generic 
2015/12/25 15:40:56 INFO  - jmeter.JMeter: file.encoding=UTF-8 
2015/12/25 15:40:56 INFO  - jmeter.JMeter: Default Locale=English (REM) 
2015/12/25 15:40:56 INFO  - jmeter.JMeter: JMeter  Locale=English (REM) 
2015/12/25 15:40:56 INFO  - jmeter.JMeter: JMeterHome=/home/rayzhang/apache-jmeter 
2015/12/25 15:40:56 INFO  - jmeter.JMeter: user.dir  =/home/rayzhang/jmeterTest 
2015/12/25 15:40:56 INFO  - jmeter.JMeter: PWD       =/home/rayzhang/jmeterTest 
2015/12/25 15:40:56 INFO  - jmeter.JMeter: IP: 127.0.1.1 Name: rayzhang-ThinkPad-X240 FullName: rayzhang-ThinkPad-X240 
2015/12/25 15:40:56 INFO  - jmeter.gui.action.LookAndFeelCommand: Using look and feel: javax.swing.plaf.metal.MetalLookAndFeel [Metal, CrossPlatform] 
2015/12/25 15:40:56 INFO  - jmeter.JMeter: Loaded icon properties from org/apache/jmeter/images/icon.properties 
2015/12/25 15:40:57 INFO  - jmeter.engine.util.CompoundVariable: Note: Function class names must contain the string: '.functions.' 
2015/12/25 15:40:57 INFO  - jmeter.engine.util.CompoundVariable: Note: Function class names must not contain the string: '.gui.' 
2015/12/25 15:40:58 INFO  - jmeter.util.BSFTestElement: Registering JMeter version of JavaScript engine as work-round for BSF-22 
2015/12/25 15:40:59 INFO  - jmeter.protocol.http.sampler.HTTPSamplerBase: Cannot find .className property for htmlParser, using default 
2015/12/25 15:40:59 INFO  - jmeter.protocol.http.sampler.HTTPSamplerBase: Parser for text/html is  
2015/12/25 15:40:59 INFO  - jmeter.protocol.http.sampler.HTTPSamplerBase: Parser for application/xhtml+xml is  
2015/12/25 15:40:59 INFO  - jmeter.protocol.http.sampler.HTTPSamplerBase: Parser for application/xml is  
2015/12/25 15:40:59 INFO  - jmeter.protocol.http.sampler.HTTPSamplerBase: Parser for text/xml is  
2015/12/25 15:40:59 INFO  - jmeter.protocol.http.sampler.HTTPSamplerBase: Parser for text/vnd.wap.wml is org.apache.jmeter.protocol.http.parser.RegexpHTMLParser 
2015/12/25 15:40:59 INFO  - jmeter.gui.util.MenuFactory: Skipping org.apache.jmeter.protocol.http.control.gui.WebServiceSamplerGui 
2015/12/25 15:40:59 INFO  - jmeter.gui.util.MenuFactory: Skipping org.apache.jmeter.protocol.http.modifier.gui.ParamModifierGui 
2015/12/25 15:40:59 INFO  - jorphan.exec.KeyToolUtils: keytool found at 'keytool' 
2015/12/25 15:40:59 INFO  - jmeter.protocol.http.proxy.ProxyControl: HTTP(S) Test Script Recorder SSL Proxy will use keys that support embedded 3rd party resources in file /home/rayzhang/apache-jmeter/bin/proxyserver.jks 
2015/12/25 15:41:00 INFO  - jmeter.samplers.SampleResult: Note: Sample TimeStamps are START times 
2015/12/25 15:41:00 INFO  - jmeter.samplers.SampleResult: sampleresult.default.encoding is set to ISO-8859-1 
2015/12/25 15:41:00 INFO  - jmeter.samplers.SampleResult: sampleresult.useNanoTime=true 
2015/12/25 15:41:00 INFO  - jmeter.samplers.SampleResult: sampleresult.nanoThreadSleep=5000 
